[2025-02-21 22:55:30] [INFO]    [OmnipathR] Welcome to OmnipathR!
[2025-02-21 22:55:30] [INFO]    [OmnipathR] OmnipathR version: 3.14.0
[2025-02-21 22:55:30] [TRACE]   [OmnipathR] Reading JSON from `/home/hugo.chenel/.cache/OmnipathR/cache.json` (encoding: UTF-8).
[2025-02-21 22:55:30] [TRACE]   [OmnipathR] JSON validation successful: TRUE
[2025-02-21 22:55:30] [INFO]    [OmnipathR] Initialized cache: `/home/hugo.chenel/.cache/OmnipathR`.
[2025-02-21 22:55:30] [TRACE]   [OmnipathR] Reading JSON from `/home/hugo.chenel/R/x86_64-pc-linux-gnu-library/4.4/OmnipathR/db/db_def.json` (encoding: UTF-8).
[2025-02-21 22:55:30] [TRACE]   [OmnipathR] JSON validation successful: TRUE
[2025-02-21 22:55:30] [TRACE]   [OmnipathR] Reading JSON from `/home/hugo.chenel/R/x86_64-pc-linux-gnu-library/4.4/OmnipathR/internal/magic_bytes.json` (encoding: UTF-8).
[2025-02-21 22:55:30] [TRACE]   [OmnipathR] JSON validation successful: TRUE
[2025-02-21 22:55:30] [TRACE]   [OmnipathR] Reading JSON from `/home/hugo.chenel/R/x86_64-pc-linux-gnu-library/4.4/OmnipathR/internal/urls.json` (encoding: UTF-8).
[2025-02-21 22:55:30] [TRACE]   [OmnipathR] JSON validation successful: TRUE
[2025-02-21 22:55:30] [TRACE]   [OmnipathR] Reading JSON from `/home/hugo.chenel/R/x86_64-pc-linux-gnu-library/4.4/OmnipathR/internal/id_types.json` (encoding: UTF-8).
[2025-02-21 22:55:30] [TRACE]   [OmnipathR] JSON validation successful: TRUE
[2025-02-21 22:55:32] [INFO]    [OmnipathR] Welcome to OmnipathR!
[2025-02-21 22:55:32] [INFO]    [OmnipathR] OmnipathR version: 3.14.0
[2025-02-21 22:55:32] [TRACE]   [OmnipathR] Reading JSON from `/home/hugo.chenel/.cache/OmnipathR/cache.json` (encoding: UTF-8).
[2025-02-21 22:55:32] [TRACE]   [OmnipathR] JSON validation successful: TRUE
[2025-02-21 22:55:32] [INFO]    [OmnipathR] Initialized cache: `/home/hugo.chenel/.cache/OmnipathR`.
[2025-02-21 22:55:32] [TRACE]   [OmnipathR] Reading JSON from `/home/hugo.chenel/R/x86_64-pc-linux-gnu-library/4.4/OmnipathR/db/db_def.json` (encoding: UTF-8).
[2025-02-21 22:55:32] [TRACE]   [OmnipathR] JSON validation successful: TRUE
[2025-02-21 22:55:32] [TRACE]   [OmnipathR] Reading JSON from `/home/hugo.chenel/R/x86_64-pc-linux-gnu-library/4.4/OmnipathR/internal/magic_bytes.json` (encoding: UTF-8).
[2025-02-21 22:55:32] [TRACE]   [OmnipathR] JSON validation successful: TRUE
[2025-02-21 22:55:32] [TRACE]   [OmnipathR] Reading JSON from `/home/hugo.chenel/R/x86_64-pc-linux-gnu-library/4.4/OmnipathR/internal/urls.json` (encoding: UTF-8).
[2025-02-21 22:55:32] [TRACE]   [OmnipathR] JSON validation successful: TRUE
[2025-02-21 22:55:32] [TRACE]   [OmnipathR] Reading JSON from `/home/hugo.chenel/R/x86_64-pc-linux-gnu-library/4.4/OmnipathR/internal/id_types.json` (encoding: UTF-8).
[2025-02-21 22:55:32] [TRACE]   [OmnipathR] JSON validation successful: TRUE
[2025-02-21 22:55:46] [INFO]    [OmnipathR] Loading database `Ensembl and OMA organism names`.
[2025-02-21 22:55:46] [TRACE]   [OmnipathR] Reading JSON from `/home/hugo.chenel/.cache/OmnipathR/cache.json` (encoding: UTF-8).
[2025-02-21 22:55:46] [TRACE]   [OmnipathR] JSON validation successful: TRUE
[2025-02-21 22:55:46] [INFO]    [OmnipathR] Looking up in cache `https://www.ensembl.org/info/about/species.html`: key=7332486db7400730697234bad76ca0c8e4d00799, no version available.
[2025-02-21 22:55:46] [TRACE]   [OmnipathR] Reading JSON from `/home/hugo.chenel/.cache/OmnipathR/cache.json` (encoding: UTF-8).
[2025-02-21 22:55:46] [TRACE]   [OmnipathR] JSON validation successful: TRUE
[2025-02-21 22:55:46] [INFO]    [OmnipathR] Created new version for cache record 7332486db7400730697234bad76ca0c8e4d00799: version 1.
[2025-02-21 22:55:46] [TRACE]   [OmnipathR] Cache file path: /home/hugo.chenel/.cache/OmnipathR/7332486db7400730697234bad76ca0c8e4d00799-1.html
[2025-02-21 22:55:46] [INFO]    [OmnipathR] Retrieving URL: `https://www.ensembl.org/info/about/species.html`
[2025-02-21 22:55:46] [TRACE]   [OmnipathR] Attempt 1/3: `https://www.ensembl.org/info/about/species.html`
[2025-02-21 22:55:47] [TRACE]   [OmnipathR] HTTP 200
[2025-02-21 22:55:47] [INFO]    [OmnipathR] Download ready [key=7332486db7400730697234bad76ca0c8e4d00799, version=1]
[2025-02-21 22:55:47] [TRACE]   [OmnipathR] Reading JSON from `/home/hugo.chenel/.cache/OmnipathR/cache.json` (encoding: UTF-8).
[2025-02-21 22:55:47] [TRACE]   [OmnipathR] JSON validation successful: TRUE
[2025-02-21 22:55:47] [INFO]    [OmnipathR] Cache item `7332486db7400730697234bad76ca0c8e4d00799` version 1: status changed from `unknown` to `ready`.
[2025-02-21 22:55:47] [TRACE]   [OmnipathR] Looking up in cache: `https://omabrowser.org/All/oma-species.txt`.
[2025-02-21 22:55:47] [INFO]    [OmnipathR] Cache record does not exist: `https://omabrowser.org/All/oma-species.txt`
[2025-02-21 22:55:47] [TRACE]   [OmnipathR] Could not find in cache, initiating download: `https://omabrowser.org/All/oma-species.txt`.
[2025-02-21 22:55:47] [TRACE]   [OmnipathR] Reading JSON from `/home/hugo.chenel/.cache/OmnipathR/cache.json` (encoding: UTF-8).
[2025-02-21 22:55:47] [TRACE]   [OmnipathR] JSON validation successful: TRUE
[2025-02-21 22:55:47] [TRACE]   [OmnipathR] Reading JSON from `/home/hugo.chenel/.cache/OmnipathR/cache.json` (encoding: UTF-8).
[2025-02-21 22:55:47] [TRACE]   [OmnipathR] JSON validation successful: TRUE
[2025-02-21 22:55:47] [INFO]    [OmnipathR] Cache item `30e690cbb55dfc63b5903ab337f34ffc2f4be397` version 1: status changed from `unknown` to `started`.
[2025-02-21 22:55:47] [TRACE]   [OmnipathR] Exporting object to RDS: `/home/hugo.chenel/.cache/OmnipathR/30e690cbb55dfc63b5903ab337f34ffc2f4be397-1.rds`.
[2025-02-21 22:55:47] [INFO]    [OmnipathR] Retrieving URL: `https://omabrowser.org/All/oma-species.txt`
[2025-02-21 22:55:47] [TRACE]   [OmnipathR] Attempt 1/3: `https://omabrowser.org/All/oma-species.txt`
[2025-02-21 22:55:47] [TRACE]   [OmnipathR] Exported RDS to `/home/hugo.chenel/.cache/OmnipathR/30e690cbb55dfc63b5903ab337f34ffc2f4be397-1.rds`.
[2025-02-21 22:55:47] [INFO]    [OmnipathR] Download ready [key=30e690cbb55dfc63b5903ab337f34ffc2f4be397, version=1]
[2025-02-21 22:55:47] [TRACE]   [OmnipathR] Reading JSON from `/home/hugo.chenel/.cache/OmnipathR/cache.json` (encoding: UTF-8).
[2025-02-21 22:55:47] [TRACE]   [OmnipathR] JSON validation successful: TRUE
[2025-02-21 22:55:47] [INFO]    [OmnipathR] Cache item `30e690cbb55dfc63b5903ab337f34ffc2f4be397` version 1: status changed from `started` to `ready`.
[2025-02-21 22:55:47] [INFO]    [OmnipathR] Loaded database `Ensembl and OMA organism names`.
[2025-02-21 22:55:47] [TRACE]   [OmnipathR] Arguments for OmniPath query: [dorothea_levels=[A,B,C,D],genesymbols=TRUE,organisms=9606,query_type=interactions,datasets=dorothea]
[2025-02-21 22:55:47] [TRACE]   [OmnipathR] Organism(s): 9606
[2025-02-21 22:55:47] [TRACE]   [OmnipathR] Orthology targets: 
[2025-02-21 22:55:47] [TRACE]   [OmnipathR] Looking up in cache: `https://omnipathdb.org/interactions?genesymbols=yes&datasets=dorothea&organisms=9606&dorothea_levels=A,B,C,D&fields=sources,references,curation_effort,dorothea_level&license=academic`
[2025-02-21 22:55:47] [INFO]    [OmnipathR] Cache record does not exist: `https://omnipathdb.org/interactions?genesymbols=yes&datasets=dorothea&organisms=9606&dorothea_levels=A,B,C,D&fields=sources,references,curation_effort,dorothea_level&license=academic`
[2025-02-21 22:55:47] [TRACE]   [OmnipathR] Looking up in cache: `http://no-tls.omnipathdb.org/interactions?genesymbols=yes&datasets=dorothea&organisms=9606&dorothea_levels=A,B,C,D&fields=sources,references,curation_effort,dorothea_level&license=academic`
[2025-02-21 22:55:47] [INFO]    [OmnipathR] Cache record does not exist: `http://no-tls.omnipathdb.org/interactions?genesymbols=yes&datasets=dorothea&organisms=9606&dorothea_levels=A,B,C,D&fields=sources,references,curation_effort,dorothea_level&license=academic`
[2025-02-21 22:55:47] [TRACE]   [OmnipathR] Attempting `https://omnipathdb.org/interactions?genesymbols=yes&datasets=dorothea&organisms=9606&dorothea_levels=A,B,C,D&fields=sources,references,curation_effort,dorothea_level&license=academic`
[2025-02-21 22:55:47] [INFO]    [OmnipathR] Retrieving URL: `https://omnipathdb.org/interactions?genesymbols=yes&datasets=dorothea&organisms=9606&dorothea_levels=A,B,C,D&fields=sources,references,curation_effort,dorothea_level&license=academic`
[2025-02-21 22:55:47] [TRACE]   [OmnipathR] Attempt 1/3: `https://omnipathdb.org/interactions?genesymbols=yes&datasets=dorothea&organisms=9606&dorothea_levels=A,B,C,D&fields=sources,references,curation_effort,dorothea_level&license=academic`
[2025-02-21 22:55:48] [INFO]    [OmnipathR] Successfully retrieved: `https://omnipathdb.org/interactions?genesymbols=yes&datasets=dorothea&organisms=9606&dorothea_levels=A,B,C,D&fields=sources,references,curation_effort,dorothea_level&license=academic`
[2025-02-21 22:55:48] [TRACE]   [OmnipathR] Reading JSON from `/home/hugo.chenel/.cache/OmnipathR/cache.json` (encoding: UTF-8).
[2025-02-21 22:55:48] [TRACE]   [OmnipathR] JSON validation successful: TRUE
[2025-02-21 22:55:48] [TRACE]   [OmnipathR] Reading JSON from `/home/hugo.chenel/.cache/OmnipathR/cache.json` (encoding: UTF-8).
[2025-02-21 22:55:48] [TRACE]   [OmnipathR] JSON validation successful: TRUE
[2025-02-21 22:55:48] [INFO]    [OmnipathR] Cache item `46d37339bbc3f9a05bb89ccb79278cf1233f5cdf` version 1: status changed from `unknown` to `started`.
[2025-02-21 22:55:48] [TRACE]   [OmnipathR] Exporting object to RDS: `/home/hugo.chenel/.cache/OmnipathR/46d37339bbc3f9a05bb89ccb79278cf1233f5cdf-1.rds`.
[2025-02-21 22:55:48] [TRACE]   [OmnipathR] Exported RDS to `/home/hugo.chenel/.cache/OmnipathR/46d37339bbc3f9a05bb89ccb79278cf1233f5cdf-1.rds`.
[2025-02-21 22:55:48] [INFO]    [OmnipathR] Download ready [key=46d37339bbc3f9a05bb89ccb79278cf1233f5cdf, version=1]
[2025-02-21 22:55:48] [TRACE]   [OmnipathR] Reading JSON from `/home/hugo.chenel/.cache/OmnipathR/cache.json` (encoding: UTF-8).
[2025-02-21 22:55:48] [TRACE]   [OmnipathR] JSON validation successful: TRUE
[2025-02-21 22:55:48] [INFO]    [OmnipathR] Cache item `46d37339bbc3f9a05bb89ccb79278cf1233f5cdf` version 1: status changed from `started` to `ready`.
[2025-02-21 22:55:51] [SUCCESS] [OmnipathR] Downloaded 278830 interactions.
[2025-02-21 22:55:57] [TRACE]   [OmnipathR] Arguments for OmniPath query: [loops=TRUE,organisms=9606,genesymbols=TRUE,query_type=interactions,datasets=collectri]
[2025-02-21 22:55:57] [TRACE]   [OmnipathR] Organism(s): 9606
[2025-02-21 22:55:57] [TRACE]   [OmnipathR] Orthology targets: 
[2025-02-21 22:55:57] [TRACE]   [OmnipathR] Looking up in cache: `https://omnipathdb.org/interactions?genesymbols=yes&datasets=collectri&organisms=9606&fields=sources,references,curation_effort&loops=yes&license=academic`
[2025-02-21 22:55:57] [INFO]    [OmnipathR] Cache record does not exist: `https://omnipathdb.org/interactions?genesymbols=yes&datasets=collectri&organisms=9606&fields=sources,references,curation_effort&loops=yes&license=academic`
[2025-02-21 22:55:57] [TRACE]   [OmnipathR] Looking up in cache: `http://no-tls.omnipathdb.org/interactions?genesymbols=yes&datasets=collectri&organisms=9606&fields=sources,references,curation_effort&loops=yes&license=academic`
[2025-02-21 22:55:57] [INFO]    [OmnipathR] Cache record does not exist: `http://no-tls.omnipathdb.org/interactions?genesymbols=yes&datasets=collectri&organisms=9606&fields=sources,references,curation_effort&loops=yes&license=academic`
[2025-02-21 22:55:57] [TRACE]   [OmnipathR] Attempting `https://omnipathdb.org/interactions?genesymbols=yes&datasets=collectri&organisms=9606&fields=sources,references,curation_effort&loops=yes&license=academic`
[2025-02-21 22:55:57] [INFO]    [OmnipathR] Retrieving URL: `https://omnipathdb.org/interactions?genesymbols=yes&datasets=collectri&organisms=9606&fields=sources,references,curation_effort&loops=yes&license=academic`
[2025-02-21 22:55:57] [TRACE]   [OmnipathR] Attempt 1/3: `https://omnipathdb.org/interactions?genesymbols=yes&datasets=collectri&organisms=9606&fields=sources,references,curation_effort&loops=yes&license=academic`
[2025-02-21 22:55:57] [INFO]    [OmnipathR] Successfully retrieved: `https://omnipathdb.org/interactions?genesymbols=yes&datasets=collectri&organisms=9606&fields=sources,references,curation_effort&loops=yes&license=academic`
[2025-02-21 22:55:57] [TRACE]   [OmnipathR] Reading JSON from `/home/hugo.chenel/.cache/OmnipathR/cache.json` (encoding: UTF-8).
[2025-02-21 22:55:57] [TRACE]   [OmnipathR] JSON validation successful: TRUE
[2025-02-21 22:55:57] [TRACE]   [OmnipathR] Reading JSON from `/home/hugo.chenel/.cache/OmnipathR/cache.json` (encoding: UTF-8).
[2025-02-21 22:55:57] [TRACE]   [OmnipathR] JSON validation successful: TRUE
[2025-02-21 22:55:57] [INFO]    [OmnipathR] Cache item `b10176737ba43d460b13709623189f3911123779` version 1: status changed from `unknown` to `started`.
[2025-02-21 22:55:57] [TRACE]   [OmnipathR] Exporting object to RDS: `/home/hugo.chenel/.cache/OmnipathR/b10176737ba43d460b13709623189f3911123779-1.rds`.
[2025-02-21 22:55:57] [TRACE]   [OmnipathR] Exported RDS to `/home/hugo.chenel/.cache/OmnipathR/b10176737ba43d460b13709623189f3911123779-1.rds`.
[2025-02-21 22:55:57] [INFO]    [OmnipathR] Download ready [key=b10176737ba43d460b13709623189f3911123779, version=1]
[2025-02-21 22:55:57] [TRACE]   [OmnipathR] Reading JSON from `/home/hugo.chenel/.cache/OmnipathR/cache.json` (encoding: UTF-8).
[2025-02-21 22:55:57] [TRACE]   [OmnipathR] JSON validation successful: TRUE
[2025-02-21 22:55:57] [INFO]    [OmnipathR] Cache item `b10176737ba43d460b13709623189f3911123779` version 1: status changed from `started` to `ready`.
[2025-02-21 22:55:58] [SUCCESS] [OmnipathR] Downloaded 64958 interactions.
[2025-02-21 22:55:58] [TRACE]   [OmnipathR] Arguments for OmniPath query: [genesymbols=TRUE,resources=CollecTRI,strict_evidences=TRUE,query_type=interactions,datasets=tf_mirna]
[2025-02-21 22:55:58] [TRACE]   [OmnipathR] Organism(s): 9606
[2025-02-21 22:55:58] [TRACE]   [OmnipathR] Orthology targets: 
[2025-02-21 22:55:59] [TRACE]   [OmnipathR] Reading JSON from `https://omnipathdb.org/resources` (encoding: UTF-8).
[2025-02-21 22:55:59] [TRACE]   [OmnipathR] JSON validation successful: TRUE
[2025-02-21 22:55:59] [TRACE]   [OmnipathR] Looking up in cache: `https://omnipathdb.org/interactions?genesymbols=yes&resources=CollecTRI&datasets=tf_mirna&organisms=9606&fields=evidences,sources,references,curation_effort&license=academic`
[2025-02-21 22:55:59] [INFO]    [OmnipathR] Cache record does not exist: `https://omnipathdb.org/interactions?genesymbols=yes&resources=CollecTRI&datasets=tf_mirna&organisms=9606&fields=evidences,sources,references,curation_effort&license=academic`
[2025-02-21 22:55:59] [TRACE]   [OmnipathR] Looking up in cache: `http://no-tls.omnipathdb.org/interactions?genesymbols=yes&resources=CollecTRI&datasets=tf_mirna&organisms=9606&fields=evidences,sources,references,curation_effort&license=academic`
[2025-02-21 22:55:59] [INFO]    [OmnipathR] Cache record does not exist: `http://no-tls.omnipathdb.org/interactions?genesymbols=yes&resources=CollecTRI&datasets=tf_mirna&organisms=9606&fields=evidences,sources,references,curation_effort&license=academic`
[2025-02-21 22:55:59] [TRACE]   [OmnipathR] Attempting `https://omnipathdb.org/interactions?genesymbols=yes&resources=CollecTRI&datasets=tf_mirna&organisms=9606&fields=evidences,sources,references,curation_effort&license=academic`
[2025-02-21 22:55:59] [INFO]    [OmnipathR] Retrieving URL: `https://omnipathdb.org/interactions?genesymbols=yes&resources=CollecTRI&datasets=tf_mirna&organisms=9606&fields=evidences,sources,references,curation_effort&license=academic`
[2025-02-21 22:55:59] [TRACE]   [OmnipathR] Attempt 1/3: `https://omnipathdb.org/interactions?genesymbols=yes&resources=CollecTRI&datasets=tf_mirna&organisms=9606&fields=evidences,sources,references,curation_effort&license=academic`
[2025-02-21 22:55:59] [INFO]    [OmnipathR] Successfully retrieved: `https://omnipathdb.org/interactions?genesymbols=yes&resources=CollecTRI&datasets=tf_mirna&organisms=9606&fields=evidences,sources,references,curation_effort&license=academic`
[2025-02-21 22:55:59] [TRACE]   [OmnipathR] Reading JSON from `/home/hugo.chenel/.cache/OmnipathR/cache.json` (encoding: UTF-8).
[2025-02-21 22:55:59] [TRACE]   [OmnipathR] JSON validation successful: TRUE
[2025-02-21 22:55:59] [TRACE]   [OmnipathR] Reading JSON from `/home/hugo.chenel/.cache/OmnipathR/cache.json` (encoding: UTF-8).
[2025-02-21 22:55:59] [TRACE]   [OmnipathR] JSON validation successful: TRUE
[2025-02-21 22:55:59] [INFO]    [OmnipathR] Cache item `f7d34500401ba98803b7d2b26c48f64cee1eea1b` version 1: status changed from `unknown` to `started`.
[2025-02-21 22:55:59] [TRACE]   [OmnipathR] Exporting object to RDS: `/home/hugo.chenel/.cache/OmnipathR/f7d34500401ba98803b7d2b26c48f64cee1eea1b-1.rds`.
[2025-02-21 22:55:59] [TRACE]   [OmnipathR] Exported RDS to `/home/hugo.chenel/.cache/OmnipathR/f7d34500401ba98803b7d2b26c48f64cee1eea1b-1.rds`.
[2025-02-21 22:55:59] [INFO]    [OmnipathR] Download ready [key=f7d34500401ba98803b7d2b26c48f64cee1eea1b, version=1]
[2025-02-21 22:55:59] [TRACE]   [OmnipathR] Reading JSON from `/home/hugo.chenel/.cache/OmnipathR/cache.json` (encoding: UTF-8).
[2025-02-21 22:55:59] [TRACE]   [OmnipathR] JSON validation successful: TRUE
[2025-02-21 22:55:59] [INFO]    [OmnipathR] Cache item `f7d34500401ba98803b7d2b26c48f64cee1eea1b` version 1: status changed from `started` to `ready`.
[2025-02-21 22:55:59] [TRACE]   [OmnipathR] Converting JSON column `evidences` to list.
[2025-02-21 22:55:59] [TRACE]   [OmnipathR] Restricting interaction records to datasets: tf_mirna; and resources: CollecTRI
[2025-02-21 22:55:59] [TRACE]   [OmnipathR] Filtering evidence columns: positive, negative, directed, undirected; to datasets: tf_mirna; and resources: CollecTRI; excluding resources: none
[2025-02-21 22:55:59] [SUCCESS] [OmnipathR] Downloaded 232 interactions.
[2025-02-21 22:59:09] [TRACE]   [OmnipathR] Arguments for OmniPath query: [dorothea_levels=[A,B,C,D],genesymbols=TRUE,organisms=9606,query_type=interactions,datasets=dorothea]
[2025-02-21 22:59:09] [TRACE]   [OmnipathR] Organism(s): 9606
[2025-02-21 22:59:09] [TRACE]   [OmnipathR] Orthology targets: 
[2025-02-21 22:59:09] [TRACE]   [OmnipathR] Looking up in cache: `https://omnipathdb.org/interactions?genesymbols=yes&datasets=dorothea&organisms=9606&dorothea_levels=A,B,C,D&fields=sources,references,curation_effort,dorothea_level&license=academic`
[2025-02-21 22:59:10] [TRACE]   [OmnipathR] Loaded data from RDS `/home/hugo.chenel/.cache/OmnipathR/46d37339bbc3f9a05bb89ccb79278cf1233f5cdf-1.rds`.
[2025-02-21 22:59:10] [INFO]    [OmnipathR] Loaded from cache: `https://omnipathdb.org/interactions?genesymbols=yes&datasets=dorothea&organisms=9606&dorothea_levels=A,B,C,D&fields=sources,references,curation_effort,dorothea_level&license=academic`
[2025-02-21 22:59:13] [SUCCESS] [OmnipathR] Loaded 278830 interactions from cache.
[2025-02-21 22:59:16] [TRACE]   [OmnipathR] Arguments for OmniPath query: [loops=TRUE,organisms=9606,genesymbols=TRUE,query_type=interactions,datasets=collectri]
[2025-02-21 22:59:16] [TRACE]   [OmnipathR] Organism(s): 9606
[2025-02-21 22:59:16] [TRACE]   [OmnipathR] Orthology targets: 
[2025-02-21 22:59:16] [TRACE]   [OmnipathR] Looking up in cache: `https://omnipathdb.org/interactions?genesymbols=yes&datasets=collectri&organisms=9606&fields=sources,references,curation_effort&loops=yes&license=academic`
[2025-02-21 22:59:16] [TRACE]   [OmnipathR] Loaded data from RDS `/home/hugo.chenel/.cache/OmnipathR/b10176737ba43d460b13709623189f3911123779-1.rds`.
[2025-02-21 22:59:16] [INFO]    [OmnipathR] Loaded from cache: `https://omnipathdb.org/interactions?genesymbols=yes&datasets=collectri&organisms=9606&fields=sources,references,curation_effort&loops=yes&license=academic`
[2025-02-21 22:59:17] [SUCCESS] [OmnipathR] Loaded 64958 interactions from cache.
[2025-02-21 22:59:17] [TRACE]   [OmnipathR] Arguments for OmniPath query: [genesymbols=TRUE,resources=CollecTRI,strict_evidences=TRUE,query_type=interactions,datasets=tf_mirna]
[2025-02-21 22:59:17] [TRACE]   [OmnipathR] Organism(s): 9606
[2025-02-21 22:59:17] [TRACE]   [OmnipathR] Orthology targets: 
[2025-02-21 22:59:17] [TRACE]   [OmnipathR] Reading JSON from `https://omnipathdb.org/resources` (encoding: UTF-8).
[2025-02-21 22:59:17] [TRACE]   [OmnipathR] JSON validation successful: TRUE
[2025-02-21 22:59:17] [TRACE]   [OmnipathR] Looking up in cache: `https://omnipathdb.org/interactions?genesymbols=yes&resources=CollecTRI&datasets=tf_mirna&organisms=9606&fields=evidences,sources,references,curation_effort&license=academic`
[2025-02-21 22:59:17] [TRACE]   [OmnipathR] Loaded data from RDS `/home/hugo.chenel/.cache/OmnipathR/f7d34500401ba98803b7d2b26c48f64cee1eea1b-1.rds`.
[2025-02-21 22:59:17] [INFO]    [OmnipathR] Loaded from cache: `https://omnipathdb.org/interactions?genesymbols=yes&resources=CollecTRI&datasets=tf_mirna&organisms=9606&fields=evidences,sources,references,curation_effort&license=academic`
[2025-02-21 22:59:17] [TRACE]   [OmnipathR] Converting JSON column `evidences` to list.
[2025-02-21 22:59:17] [TRACE]   [OmnipathR] Restricting interaction records to datasets: tf_mirna; and resources: CollecTRI
[2025-02-21 22:59:17] [TRACE]   [OmnipathR] Filtering evidence columns: positive, negative, directed, undirected; to datasets: tf_mirna; and resources: CollecTRI; excluding resources: none
[2025-02-21 22:59:17] [SUCCESS] [OmnipathR] Downloaded 232 interactions.
[2025-02-21 23:05:53] [TRACE]   [OmnipathR] Arguments for OmniPath query: [dorothea_levels=[A,B,C,D],genesymbols=TRUE,organisms=9606,query_type=interactions,datasets=dorothea]
[2025-02-21 23:05:53] [TRACE]   [OmnipathR] Organism(s): 9606
[2025-02-21 23:05:53] [TRACE]   [OmnipathR] Orthology targets: 
[2025-02-21 23:05:53] [TRACE]   [OmnipathR] Looking up in cache: `https://omnipathdb.org/interactions?genesymbols=yes&datasets=dorothea&organisms=9606&dorothea_levels=A,B,C,D&fields=sources,references,curation_effort,dorothea_level&license=academic`
[2025-02-21 23:05:53] [TRACE]   [OmnipathR] Loaded data from RDS `/home/hugo.chenel/.cache/OmnipathR/46d37339bbc3f9a05bb89ccb79278cf1233f5cdf-1.rds`.
[2025-02-21 23:05:53] [INFO]    [OmnipathR] Loaded from cache: `https://omnipathdb.org/interactions?genesymbols=yes&datasets=dorothea&organisms=9606&dorothea_levels=A,B,C,D&fields=sources,references,curation_effort,dorothea_level&license=academic`
[2025-02-21 23:05:56] [SUCCESS] [OmnipathR] Loaded 278830 interactions from cache.
[2025-02-21 23:06:00] [TRACE]   [OmnipathR] Arguments for OmniPath query: [loops=TRUE,organisms=9606,genesymbols=TRUE,query_type=interactions,datasets=collectri]
[2025-02-21 23:06:00] [TRACE]   [OmnipathR] Organism(s): 9606
[2025-02-21 23:06:00] [TRACE]   [OmnipathR] Orthology targets: 
[2025-02-21 23:06:00] [TRACE]   [OmnipathR] Looking up in cache: `https://omnipathdb.org/interactions?genesymbols=yes&datasets=collectri&organisms=9606&fields=sources,references,curation_effort&loops=yes&license=academic`
[2025-02-21 23:06:00] [TRACE]   [OmnipathR] Loaded data from RDS `/home/hugo.chenel/.cache/OmnipathR/b10176737ba43d460b13709623189f3911123779-1.rds`.
[2025-02-21 23:06:00] [INFO]    [OmnipathR] Loaded from cache: `https://omnipathdb.org/interactions?genesymbols=yes&datasets=collectri&organisms=9606&fields=sources,references,curation_effort&loops=yes&license=academic`
[2025-02-21 23:06:01] [SUCCESS] [OmnipathR] Loaded 64958 interactions from cache.
[2025-02-21 23:06:01] [TRACE]   [OmnipathR] Arguments for OmniPath query: [genesymbols=TRUE,resources=CollecTRI,strict_evidences=TRUE,query_type=interactions,datasets=tf_mirna]
[2025-02-21 23:06:01] [TRACE]   [OmnipathR] Organism(s): 9606
[2025-02-21 23:06:01] [TRACE]   [OmnipathR] Orthology targets: 
[2025-02-21 23:06:01] [TRACE]   [OmnipathR] Reading JSON from `https://omnipathdb.org/resources` (encoding: UTF-8).
[2025-02-21 23:06:01] [TRACE]   [OmnipathR] JSON validation successful: TRUE
[2025-02-21 23:06:01] [TRACE]   [OmnipathR] Looking up in cache: `https://omnipathdb.org/interactions?genesymbols=yes&resources=CollecTRI&datasets=tf_mirna&organisms=9606&fields=evidences,sources,references,curation_effort&license=academic`
[2025-02-21 23:06:01] [TRACE]   [OmnipathR] Loaded data from RDS `/home/hugo.chenel/.cache/OmnipathR/f7d34500401ba98803b7d2b26c48f64cee1eea1b-1.rds`.
[2025-02-21 23:06:01] [INFO]    [OmnipathR] Loaded from cache: `https://omnipathdb.org/interactions?genesymbols=yes&resources=CollecTRI&datasets=tf_mirna&organisms=9606&fields=evidences,sources,references,curation_effort&license=academic`
[2025-02-21 23:06:01] [TRACE]   [OmnipathR] Converting JSON column `evidences` to list.
[2025-02-21 23:06:01] [TRACE]   [OmnipathR] Restricting interaction records to datasets: tf_mirna; and resources: CollecTRI
[2025-02-21 23:06:01] [TRACE]   [OmnipathR] Filtering evidence columns: positive, negative, directed, undirected; to datasets: tf_mirna; and resources: CollecTRI; excluding resources: none
[2025-02-21 23:06:01] [SUCCESS] [OmnipathR] Downloaded 232 interactions.
[2025-02-22 13:58:38] [TRACE]   [OmnipathR] Removing database `Ensembl and OMA organism names` (not used in the past 10800 seconds)
[2025-02-24 16:32:51] [INFO]    [OmnipathR] Loading database `Ensembl and OMA organism names`.
[2025-02-24 16:32:51] [INFO]    [OmnipathR] Looking up in cache `https://www.ensembl.org/info/about/species.html`: key=7332486db7400730697234bad76ca0c8e4d00799, latest version=1.
[2025-02-24 16:32:51] [TRACE]   [OmnipathR] Cache file path: /home/hugo.chenel/.cache/OmnipathR/7332486db7400730697234bad76ca0c8e4d00799-1.html
[2025-02-24 16:32:52] [TRACE]   [OmnipathR] Looking up in cache: `https://omabrowser.org/All/oma-species.txt`.
[2025-02-24 16:32:52] [TRACE]   [OmnipathR] Loaded data from RDS `/home/hugo.chenel/.cache/OmnipathR/30e690cbb55dfc63b5903ab337f34ffc2f4be397-1.rds`.
[2025-02-24 16:32:52] [INFO]    [OmnipathR] Loaded database `Ensembl and OMA organism names`.
[2025-02-24 16:32:52] [TRACE]   [OmnipathR] Arguments for OmniPath query: [dorothea_levels=[A,B,C,D],genesymbols=TRUE,organisms=9606,query_type=interactions,datasets=dorothea]
[2025-02-24 16:32:52] [TRACE]   [OmnipathR] Organism(s): 9606
[2025-02-24 16:32:52] [TRACE]   [OmnipathR] Orthology targets: 
[2025-02-24 16:32:52] [TRACE]   [OmnipathR] Looking up in cache: `https://omnipathdb.org/interactions?genesymbols=yes&datasets=dorothea&organisms=9606&dorothea_levels=A,B,C,D&fields=sources,references,curation_effort,dorothea_level&license=academic`
[2025-02-24 16:32:52] [TRACE]   [OmnipathR] Loaded data from RDS `/home/hugo.chenel/.cache/OmnipathR/46d37339bbc3f9a05bb89ccb79278cf1233f5cdf-1.rds`.
[2025-02-24 16:32:52] [INFO]    [OmnipathR] Loaded from cache: `https://omnipathdb.org/interactions?genesymbols=yes&datasets=dorothea&organisms=9606&dorothea_levels=A,B,C,D&fields=sources,references,curation_effort,dorothea_level&license=academic`
[2025-02-24 16:32:57] [SUCCESS] [OmnipathR] Loaded 278830 interactions from cache.
[2025-02-24 16:33:02] [TRACE]   [OmnipathR] Arguments for OmniPath query: [loops=TRUE,organisms=9606,genesymbols=TRUE,query_type=interactions,datasets=collectri]
[2025-02-24 16:33:02] [TRACE]   [OmnipathR] Organism(s): 9606
[2025-02-24 16:33:02] [TRACE]   [OmnipathR] Orthology targets: 
[2025-02-24 16:33:02] [TRACE]   [OmnipathR] Looking up in cache: `https://omnipathdb.org/interactions?genesymbols=yes&datasets=collectri&organisms=9606&fields=sources,references,curation_effort&loops=yes&license=academic`
[2025-02-24 16:33:02] [TRACE]   [OmnipathR] Loaded data from RDS `/home/hugo.chenel/.cache/OmnipathR/b10176737ba43d460b13709623189f3911123779-1.rds`.
[2025-02-24 16:33:02] [INFO]    [OmnipathR] Loaded from cache: `https://omnipathdb.org/interactions?genesymbols=yes&datasets=collectri&organisms=9606&fields=sources,references,curation_effort&loops=yes&license=academic`
[2025-02-24 16:33:03] [SUCCESS] [OmnipathR] Loaded 64958 interactions from cache.
[2025-02-24 16:33:03] [TRACE]   [OmnipathR] Arguments for OmniPath query: [genesymbols=TRUE,resources=CollecTRI,strict_evidences=TRUE,query_type=interactions,datasets=tf_mirna]
[2025-02-24 16:33:03] [TRACE]   [OmnipathR] Organism(s): 9606
[2025-02-24 16:33:03] [TRACE]   [OmnipathR] Orthology targets: 
[2025-02-24 16:33:03] [TRACE]   [OmnipathR] Reading JSON from `https://omnipathdb.org/resources` (encoding: UTF-8).
[2025-02-24 16:33:03] [TRACE]   [OmnipathR] JSON validation successful: TRUE
[2025-02-24 16:33:04] [TRACE]   [OmnipathR] Looking up in cache: `https://omnipathdb.org/interactions?genesymbols=yes&resources=CollecTRI&datasets=tf_mirna&organisms=9606&fields=evidences,sources,references,curation_effort&license=academic`
[2025-02-24 16:33:04] [TRACE]   [OmnipathR] Loaded data from RDS `/home/hugo.chenel/.cache/OmnipathR/f7d34500401ba98803b7d2b26c48f64cee1eea1b-1.rds`.
[2025-02-24 16:33:04] [INFO]    [OmnipathR] Loaded from cache: `https://omnipathdb.org/interactions?genesymbols=yes&resources=CollecTRI&datasets=tf_mirna&organisms=9606&fields=evidences,sources,references,curation_effort&license=academic`
[2025-02-24 16:33:04] [TRACE]   [OmnipathR] Converting JSON column `evidences` to list.
[2025-02-24 16:33:04] [TRACE]   [OmnipathR] Restricting interaction records to datasets: tf_mirna; and resources: CollecTRI
[2025-02-24 16:33:04] [TRACE]   [OmnipathR] Filtering evidence columns: positive, negative, directed, undirected; to datasets: tf_mirna; and resources: CollecTRI; excluding resources: none
[2025-02-24 16:33:04] [SUCCESS] [OmnipathR] Downloaded 232 interactions.
[2025-02-24 16:41:43] [TRACE]   [OmnipathR] Arguments for OmniPath query: [dorothea_levels=[A,B,C,D],genesymbols=TRUE,organisms=9606,query_type=interactions,datasets=dorothea]
[2025-02-24 16:41:43] [TRACE]   [OmnipathR] Organism(s): 9606
[2025-02-24 16:41:43] [TRACE]   [OmnipathR] Orthology targets: 
[2025-02-24 16:41:43] [TRACE]   [OmnipathR] Looking up in cache: `https://omnipathdb.org/interactions?genesymbols=yes&datasets=dorothea&organisms=9606&dorothea_levels=A,B,C,D&fields=sources,references,curation_effort,dorothea_level&license=academic`
[2025-02-24 16:41:43] [TRACE]   [OmnipathR] Loaded data from RDS `/home/hugo.chenel/.cache/OmnipathR/46d37339bbc3f9a05bb89ccb79278cf1233f5cdf-1.rds`.
[2025-02-24 16:41:43] [INFO]    [OmnipathR] Loaded from cache: `https://omnipathdb.org/interactions?genesymbols=yes&datasets=dorothea&organisms=9606&dorothea_levels=A,B,C,D&fields=sources,references,curation_effort,dorothea_level&license=academic`
[2025-02-24 16:41:48] [SUCCESS] [OmnipathR] Loaded 278830 interactions from cache.
[2025-02-24 16:41:52] [TRACE]   [OmnipathR] Arguments for OmniPath query: [loops=TRUE,organisms=9606,genesymbols=TRUE,query_type=interactions,datasets=collectri]
[2025-02-24 16:41:52] [TRACE]   [OmnipathR] Organism(s): 9606
[2025-02-24 16:41:52] [TRACE]   [OmnipathR] Orthology targets: 
[2025-02-24 16:41:52] [TRACE]   [OmnipathR] Looking up in cache: `https://omnipathdb.org/interactions?genesymbols=yes&datasets=collectri&organisms=9606&fields=sources,references,curation_effort&loops=yes&license=academic`
[2025-02-24 16:41:52] [TRACE]   [OmnipathR] Loaded data from RDS `/home/hugo.chenel/.cache/OmnipathR/b10176737ba43d460b13709623189f3911123779-1.rds`.
[2025-02-24 16:41:52] [INFO]    [OmnipathR] Loaded from cache: `https://omnipathdb.org/interactions?genesymbols=yes&datasets=collectri&organisms=9606&fields=sources,references,curation_effort&loops=yes&license=academic`
[2025-02-24 16:41:53] [SUCCESS] [OmnipathR] Loaded 64958 interactions from cache.
[2025-02-24 16:41:53] [TRACE]   [OmnipathR] Arguments for OmniPath query: [genesymbols=TRUE,resources=CollecTRI,strict_evidences=TRUE,query_type=interactions,datasets=tf_mirna]
[2025-02-24 16:41:53] [TRACE]   [OmnipathR] Organism(s): 9606
[2025-02-24 16:41:53] [TRACE]   [OmnipathR] Orthology targets: 
[2025-02-24 16:41:54] [TRACE]   [OmnipathR] Reading JSON from `https://omnipathdb.org/resources` (encoding: UTF-8).
[2025-02-24 16:41:54] [TRACE]   [OmnipathR] JSON validation successful: TRUE
[2025-02-24 16:41:54] [TRACE]   [OmnipathR] Looking up in cache: `https://omnipathdb.org/interactions?genesymbols=yes&resources=CollecTRI&datasets=tf_mirna&organisms=9606&fields=evidences,sources,references,curation_effort&license=academic`
[2025-02-24 16:41:54] [TRACE]   [OmnipathR] Loaded data from RDS `/home/hugo.chenel/.cache/OmnipathR/f7d34500401ba98803b7d2b26c48f64cee1eea1b-1.rds`.
[2025-02-24 16:41:54] [INFO]    [OmnipathR] Loaded from cache: `https://omnipathdb.org/interactions?genesymbols=yes&resources=CollecTRI&datasets=tf_mirna&organisms=9606&fields=evidences,sources,references,curation_effort&license=academic`
[2025-02-24 16:41:54] [TRACE]   [OmnipathR] Converting JSON column `evidences` to list.
[2025-02-24 16:41:54] [TRACE]   [OmnipathR] Restricting interaction records to datasets: tf_mirna; and resources: CollecTRI
[2025-02-24 16:41:54] [TRACE]   [OmnipathR] Filtering evidence columns: positive, negative, directed, undirected; to datasets: tf_mirna; and resources: CollecTRI; excluding resources: none
[2025-02-24 16:41:54] [SUCCESS] [OmnipathR] Downloaded 232 interactions.
[2025-02-24 21:41:21] [TRACE]   [OmnipathR] Removing database `Ensembl and OMA organism names` (not used in the past 10800 seconds)
